Epoch: 0000 train_loss= 4.91397 train/struct_loss= 21.31324 train/feat_loss= 0.81415
Epoch: 0000 Auc 0.7230313987849066 Precision 0.036216937636496 Recall 1.0
Epoch: 0001 train_loss= 2.70540 train/struct_loss= 10.68940 train/feat_loss= 0.70940
Epoch: 0002 train_loss= 1.65432 train/struct_loss= 5.49854 train/feat_loss= 0.69327
Epoch: 0003 train_loss= 1.29723 train/struct_loss= 3.71447 train/feat_loss= 0.69292
Epoch: 0004 train_loss= 1.24732 train/struct_loss= 3.46501 train/feat_loss= 0.69290
Epoch: 0005 train_loss= 1.24834 train/struct_loss= 3.47009 train/feat_loss= 0.69290
Epoch: 0006 train_loss= 1.24890 train/struct_loss= 3.47290 train/feat_loss= 0.69290
Epoch: 0007 train_loss= 1.24699 train/struct_loss= 3.46334 train/feat_loss= 0.69290
Epoch: 0008 train_loss= 1.24636 train/struct_loss= 3.46018 train/feat_loss= 0.69290
Epoch: 0009 train_loss= 1.24645 train/struct_loss= 3.46066 train/feat_loss= 0.69290
Epoch: 0010 train_loss= 1.24649 train/struct_loss= 3.46086 train/feat_loss= 0.69290
Epoch: 0010 Auc 0.896740790459083 Precision 0.036216937636496 Recall 1.0
Epoch: 0011 train_loss= 1.24648 train/struct_loss= 3.46080 train/feat_loss= 0.69290
Epoch: 0012 train_loss= 1.24637 train/struct_loss= 3.46025 train/feat_loss= 0.69290
Epoch: 0013 train_loss= 1.24843 train/struct_loss= 3.47056 train/feat_loss= 0.69290
Epoch: 0014 train_loss= 1.24653 train/struct_loss= 3.46101 train/feat_loss= 0.69290
Epoch: 0015 train_loss= 1.24640 train/struct_loss= 3.46039 train/feat_loss= 0.69290
Epoch: 0016 train_loss= 1.24648 train/struct_loss= 3.46080 train/feat_loss= 0.69290
Epoch: 0017 train_loss= 1.24650 train/struct_loss= 3.46088 train/feat_loss= 0.69290
Epoch: 0018 train_loss= 1.24650 train/struct_loss= 3.46089 train/feat_loss= 0.69290
Epoch: 0019 train_loss= 1.24650 train/struct_loss= 3.46089 train/feat_loss= 0.69290
Epoch: 0020 train_loss= 1.24650 train/struct_loss= 3.46089 train/feat_loss= 0.69290
Epoch: 0020 Auc 0.8967425301324609 Precision 0.036216937636496 Recall 1.0
Epoch: 0021 train_loss= 1.24650 train/struct_loss= 3.46089 train/feat_loss= 0.69290
Epoch: 0022 train_loss= 1.24650 train/struct_loss= 3.46089 train/feat_loss= 0.69290
Epoch: 0023 train_loss= 1.24650 train/struct_loss= 3.46089 train/feat_loss= 0.69290
Epoch: 0024 train_loss= 1.24650 train/struct_loss= 3.46089 train/feat_loss= 0.69290
Epoch: 0025 train_loss= 1.24650 train/struct_loss= 3.46089 train/feat_loss= 0.69290
Epoch: 0026 train_loss= 1.24650 train/struct_loss= 3.46089 train/feat_loss= 0.69290
Epoch: 0027 train_loss= 1.24650 train/struct_loss= 3.46089 train/feat_loss= 0.69290
Epoch: 0028 train_loss= 1.24650 train/struct_loss= 3.46089 train/feat_loss= 0.69290
Epoch: 0029 train_loss= 1.24650 train/struct_loss= 3.46087 train/feat_loss= 0.69290
Epoch: 0030 train_loss= 1.24634 train/struct_loss= 3.46009 train/feat_loss= 0.69290
Epoch: 0030 Auc 0.8962954340743393 Precision 0.036216937636496 Recall 1.0
Epoch: 0031 train_loss= 1.25245 train/struct_loss= 3.49062 train/feat_loss= 0.69290
Epoch: 0032 train_loss= 1.24632 train/struct_loss= 3.46001 train/feat_loss= 0.69290
Epoch: 0033 train_loss= 1.24650 train/struct_loss= 3.46088 train/feat_loss= 0.69290
Epoch: 0034 train_loss= 1.24650 train/struct_loss= 3.46089 train/feat_loss= 0.69290
Epoch: 0035 train_loss= 1.24650 train/struct_loss= 3.46089 train/feat_loss= 0.69290
Epoch: 0036 train_loss= 1.24650 train/struct_loss= 3.46089 train/feat_loss= 0.69290
Epoch: 0037 train_loss= 1.24650 train/struct_loss= 3.46089 train/feat_loss= 0.69290
Epoch: 0038 train_loss= 1.24650 train/struct_loss= 3.46089 train/feat_loss= 0.69290
Epoch: 0039 train_loss= 1.24650 train/struct_loss= 3.46089 train/feat_loss= 0.69290
Epoch: 0040 train_loss= 1.24650 train/struct_loss= 3.46089 train/feat_loss= 0.69290
Epoch: 0040 Auc 0.8967425301324609 Precision 0.036216937636496 Recall 1.0
Epoch: 0041 train_loss= 1.24650 train/struct_loss= 3.46089 train/feat_loss= 0.69290
Epoch: 0042 train_loss= 1.24650 train/struct_loss= 3.46089 train/feat_loss= 0.69290
Epoch: 0043 train_loss= 1.24650 train/struct_loss= 3.46089 train/feat_loss= 0.69290
Epoch: 0044 train_loss= 1.24650 train/struct_loss= 3.46089 train/feat_loss= 0.69290
Epoch: 0045 train_loss= 1.24650 train/struct_loss= 3.46089 train/feat_loss= 0.69290
Epoch: 0046 train_loss= 1.24650 train/struct_loss= 3.46089 train/feat_loss= 0.69290
Epoch: 0047 train_loss= 1.24650 train/struct_loss= 3.46089 train/feat_loss= 0.69290
Epoch: 0048 train_loss= 1.24650 train/struct_loss= 3.46089 train/feat_loss= 0.69290
Epoch: 0049 train_loss= 1.24650 train/struct_loss= 3.46089 train/feat_loss= 0.69290
Epoch: 0050 train_loss= 1.24644 train/struct_loss= 3.46059 train/feat_loss= 0.69290
Epoch: 0050 Auc 0.8965801606171898 Precision 0.036216937636496 Recall 1.0
Epoch: 0051 train_loss= 1.24782 train/struct_loss= 3.46747 train/feat_loss= 0.69290
Epoch: 0052 train_loss= 1.24646 train/struct_loss= 3.46069 train/feat_loss= 0.69290
Epoch: 0053 train_loss= 1.24650 train/struct_loss= 3.46089 train/feat_loss= 0.69290
Epoch: 0054 train_loss= 1.24650 train/struct_loss= 3.46089 train/feat_loss= 0.69290
Epoch: 0055 train_loss= 1.24650 train/struct_loss= 3.46089 train/feat_loss= 0.69290
Epoch: 0056 train_loss= 1.24650 train/struct_loss= 3.46089 train/feat_loss= 0.69290
Epoch: 0057 train_loss= 1.24650 train/struct_loss= 3.46089 train/feat_loss= 0.69290
Epoch: 0058 train_loss= 1.24650 train/struct_loss= 3.46089 train/feat_loss= 0.69290
Epoch: 0059 train_loss= 1.24650 train/struct_loss= 3.46089 train/feat_loss= 0.69290
Epoch: 0060 train_loss= 1.24650 train/struct_loss= 3.46089 train/feat_loss= 0.69290
Epoch: 0060 Auc 0.8967425301324609 Precision 0.036216937636496 Recall 1.0
Epoch: 0061 train_loss= 1.24650 train/struct_loss= 3.46089 train/feat_loss= 0.69290
Epoch: 0062 train_loss= 1.24650 train/struct_loss= 3.46089 train/feat_loss= 0.69290
Epoch: 0063 train_loss= 1.24650 train/struct_loss= 3.46089 train/feat_loss= 0.69290
Epoch: 0064 train_loss= 1.24650 train/struct_loss= 3.46089 train/feat_loss= 0.69290
Epoch: 0065 train_loss= 1.24650 train/struct_loss= 3.46089 train/feat_loss= 0.69290
Epoch: 0066 train_loss= 1.24650 train/struct_loss= 3.46089 train/feat_loss= 0.69290
Epoch: 0067 train_loss= 1.24650 train/struct_loss= 3.46089 train/feat_loss= 0.69290
Epoch: 0068 train_loss= 1.24650 train/struct_loss= 3.46089 train/feat_loss= 0.69290
Epoch: 0069 train_loss= 1.24650 train/struct_loss= 3.46089 train/feat_loss= 0.69290
Epoch: 0070 train_loss= 1.24650 train/struct_loss= 3.46089 train/feat_loss= 0.69290
Epoch: 0070 Auc 0.8967425301324609 Precision 0.036216937636496 Recall 1.0
Epoch: 0071 train_loss= 1.24650 train/struct_loss= 3.46089 train/feat_loss= 0.69290
Epoch: 0072 train_loss= 1.24650 train/struct_loss= 3.46089 train/feat_loss= 0.69290
Epoch: 0073 train_loss= 1.24650 train/struct_loss= 3.46089 train/feat_loss= 0.69290
Epoch: 0074 train_loss= 1.24650 train/struct_loss= 3.46089 train/feat_loss= 0.69290
Epoch: 0075 train_loss= 1.24650 train/struct_loss= 3.46089 train/feat_loss= 0.69290
Epoch: 0076 train_loss= 1.24650 train/struct_loss= 3.46089 train/feat_loss= 0.69290
Epoch: 0077 train_loss= 1.24650 train/struct_loss= 3.46089 train/feat_loss= 0.69290
Epoch: 0078 train_loss= 1.24650 train/struct_loss= 3.46089 train/feat_loss= 0.69290
Epoch: 0079 train_loss= 1.24650 train/struct_loss= 3.46089 train/feat_loss= 0.69290
Epoch: 0080 train_loss= 1.24650 train/struct_loss= 3.46089 train/feat_loss= 0.69290
Epoch: 0080 Auc 0.8967425301324609 Precision 0.036216937636496 Recall 1.0
Epoch: 0081 train_loss= 1.24650 train/struct_loss= 3.46089 train/feat_loss= 0.69290
Epoch: 0082 train_loss= 1.24650 train/struct_loss= 3.46089 train/feat_loss= 0.69290
Epoch: 0083 train_loss= 1.24650 train/struct_loss= 3.46089 train/feat_loss= 0.69290
Epoch: 0084 train_loss= 1.24650 train/struct_loss= 3.46089 train/feat_loss= 0.69290
Epoch: 0085 train_loss= 1.24650 train/struct_loss= 3.46089 train/feat_loss= 0.69290
Epoch: 0086 train_loss= 1.24650 train/struct_loss= 3.46089 train/feat_loss= 0.69290
Epoch: 0087 train_loss= 1.24650 train/struct_loss= 3.46089 train/feat_loss= 0.69290
Epoch: 0088 train_loss= 1.24650 train/struct_loss= 3.46089 train/feat_loss= 0.69290
Epoch: 0089 train_loss= 1.24650 train/struct_loss= 3.46089 train/feat_loss= 0.69290
Epoch: 0090 train_loss= 1.24650 train/struct_loss= 3.46089 train/feat_loss= 0.69290
Epoch: 0090 Auc 0.8967425301324609 Precision 0.036216937636496 Recall 1.0
Epoch: 0091 train_loss= 1.24650 train/struct_loss= 3.46089 train/feat_loss= 0.69290
Epoch: 0092 train_loss= 1.24650 train/struct_loss= 3.46089 train/feat_loss= 0.69290
Epoch: 0093 train_loss= 1.24650 train/struct_loss= 3.46089 train/feat_loss= 0.69290
Epoch: 0094 train_loss= 1.24650 train/struct_loss= 3.46089 train/feat_loss= 0.69290
Epoch: 0095 train_loss= 1.24650 train/struct_loss= 3.46089 train/feat_loss= 0.69290
Epoch: 0096 train_loss= 1.24650 train/struct_loss= 3.46089 train/feat_loss= 0.69290
Epoch: 0097 train_loss= 1.24650 train/struct_loss= 3.46089 train/feat_loss= 0.69290
Epoch: 0098 train_loss= 1.24650 train/struct_loss= 3.46089 train/feat_loss= 0.69290
Epoch: 0099 train_loss= 1.24650 train/struct_loss= 3.46089 train/feat_loss= 0.69290
Epoch: 0099 Auc 0.8967425301324609 Precision 0.036216937636496 Recall 1.0
