Epoch: 0000 train_loss= 3.21739 train/struct_loss= 11.00146 train/feat_loss= 1.27137
Epoch: 0000 Auc 0.7824366106182139 Precision 0.058745874587458745 Recall 1.0
Epoch: 0001 train_loss= 2.73228 train/struct_loss= 8.87737 train/feat_loss= 1.19600
Epoch: 0002 train_loss= 2.45778 train/struct_loss= 7.56127 train/feat_loss= 1.18191
Epoch: 0003 train_loss= 2.30772 train/struct_loss= 6.81290 train/feat_loss= 1.18143
Epoch: 0004 train_loss= 2.23279 train/struct_loss= 6.43799 train/feat_loss= 1.18149
Epoch: 0005 train_loss= 2.23906 train/struct_loss= 6.46954 train/feat_loss= 1.18145
Epoch: 0006 train_loss= 2.22138 train/struct_loss= 6.38112 train/feat_loss= 1.18144
Epoch: 0007 train_loss= 2.20620 train/struct_loss= 6.30523 train/feat_loss= 1.18144
Epoch: 0008 train_loss= 2.20957 train/struct_loss= 6.32212 train/feat_loss= 1.18143
Epoch: 0009 train_loss= 2.21465 train/struct_loss= 6.34753 train/feat_loss= 1.18143
Epoch: 0010 train_loss= 2.21360 train/struct_loss= 6.34228 train/feat_loss= 1.18143
Epoch: 0010 Auc 0.7929347432119389 Precision 0.05875363084235543 Recall 1.0
Epoch: 0011 train_loss= 2.20835 train/struct_loss= 6.31603 train/feat_loss= 1.18143
Epoch: 0012 train_loss= 2.20594 train/struct_loss= 6.30397 train/feat_loss= 1.18143
Epoch: 0013 train_loss= 2.21117 train/struct_loss= 6.33012 train/feat_loss= 1.18143
Epoch: 0014 train_loss= 2.20766 train/struct_loss= 6.31259 train/feat_loss= 1.18143
Epoch: 0015 train_loss= 2.20437 train/struct_loss= 6.29615 train/feat_loss= 1.18143
Epoch: 0016 train_loss= 2.20427 train/struct_loss= 6.29562 train/feat_loss= 1.18143
Epoch: 0017 train_loss= 2.20574 train/struct_loss= 6.30298 train/feat_loss= 1.18143
Epoch: 0018 train_loss= 2.20437 train/struct_loss= 6.29613 train/feat_loss= 1.18143
Epoch: 0019 train_loss= 2.20282 train/struct_loss= 6.28837 train/feat_loss= 1.18143
Epoch: 0020 train_loss= 2.20475 train/struct_loss= 6.29807 train/feat_loss= 1.18143
Epoch: 0020 Auc 0.7952415021195456 Precision 0.05875363084235543 Recall 1.0
Epoch: 0021 train_loss= 2.20493 train/struct_loss= 6.29896 train/feat_loss= 1.18143
Epoch: 0022 train_loss= 2.20272 train/struct_loss= 6.28788 train/feat_loss= 1.18143
Epoch: 0023 train_loss= 2.20342 train/struct_loss= 6.29141 train/feat_loss= 1.18143
Epoch: 0024 train_loss= 2.20478 train/struct_loss= 6.29821 train/feat_loss= 1.18143
Epoch: 0025 train_loss= 2.20322 train/struct_loss= 6.29042 train/feat_loss= 1.18143
Epoch: 0026 train_loss= 2.20285 train/struct_loss= 6.28854 train/feat_loss= 1.18143
Epoch: 0027 train_loss= 2.20372 train/struct_loss= 6.29288 train/feat_loss= 1.18143
Epoch: 0028 train_loss= 2.20419 train/struct_loss= 6.29526 train/feat_loss= 1.18143
Epoch: 0029 train_loss= 2.20370 train/struct_loss= 6.29279 train/feat_loss= 1.18143
Epoch: 0030 train_loss= 2.20208 train/struct_loss= 6.28470 train/feat_loss= 1.18143
Epoch: 0030 Auc 0.7938714405030177 Precision 0.05875363084235543 Recall 1.0
Epoch: 0031 train_loss= 2.20321 train/struct_loss= 6.29036 train/feat_loss= 1.18143
Epoch: 0032 train_loss= 2.20311 train/struct_loss= 6.28983 train/feat_loss= 1.18143
Epoch: 0033 train_loss= 2.20315 train/struct_loss= 6.29004 train/feat_loss= 1.18143
Epoch: 0034 train_loss= 2.20135 train/struct_loss= 6.28105 train/feat_loss= 1.18143
Epoch: 0035 train_loss= 2.20414 train/struct_loss= 6.29500 train/feat_loss= 1.18143
Epoch: 0036 train_loss= 2.20283 train/struct_loss= 6.28843 train/feat_loss= 1.18143
Epoch: 0037 train_loss= 2.20381 train/struct_loss= 6.29337 train/feat_loss= 1.18143
Epoch: 0038 train_loss= 2.20287 train/struct_loss= 6.28863 train/feat_loss= 1.18143
Epoch: 0039 train_loss= 2.20386 train/struct_loss= 6.29360 train/feat_loss= 1.18143
Epoch: 0040 train_loss= 2.20320 train/struct_loss= 6.29029 train/feat_loss= 1.18143
Epoch: 0040 Auc 0.7946685156877885 Precision 0.05875363084235543 Recall 1.0
Epoch: 0041 train_loss= 2.20164 train/struct_loss= 6.28251 train/feat_loss= 1.18143
Epoch: 0042 train_loss= 2.20240 train/struct_loss= 6.28629 train/feat_loss= 1.18143
Epoch: 0043 train_loss= 2.20206 train/struct_loss= 6.28459 train/feat_loss= 1.18143
Epoch: 0044 train_loss= 2.20170 train/struct_loss= 6.28277 train/feat_loss= 1.18143
Epoch: 0045 train_loss= 2.20269 train/struct_loss= 6.28776 train/feat_loss= 1.18143
Epoch: 0046 train_loss= 2.20210 train/struct_loss= 6.28477 train/feat_loss= 1.18143
Epoch: 0047 train_loss= 2.20244 train/struct_loss= 6.28647 train/feat_loss= 1.18143
Epoch: 0048 train_loss= 2.20218 train/struct_loss= 6.28519 train/feat_loss= 1.18143
Epoch: 0049 train_loss= 2.20161 train/struct_loss= 6.28233 train/feat_loss= 1.18143
Epoch: 0050 train_loss= 2.20218 train/struct_loss= 6.28520 train/feat_loss= 1.18143
Epoch: 0050 Auc 0.7945099831381881 Precision 0.05875363084235543 Recall 1.0
Epoch: 0051 train_loss= 2.20126 train/struct_loss= 6.28058 train/feat_loss= 1.18143
Epoch: 0052 train_loss= 2.20182 train/struct_loss= 6.28342 train/feat_loss= 1.18143
Epoch: 0053 train_loss= 2.20294 train/struct_loss= 6.28898 train/feat_loss= 1.18143
Epoch: 0054 train_loss= 2.20230 train/struct_loss= 6.28581 train/feat_loss= 1.18143
Epoch: 0055 train_loss= 2.20160 train/struct_loss= 6.28227 train/feat_loss= 1.18143
Epoch: 0056 train_loss= 2.20181 train/struct_loss= 6.28336 train/feat_loss= 1.18143
Epoch: 0057 train_loss= 2.20220 train/struct_loss= 6.28532 train/feat_loss= 1.18143
Epoch: 0058 train_loss= 2.20308 train/struct_loss= 6.28970 train/feat_loss= 1.18143
Epoch: 0059 train_loss= 2.20213 train/struct_loss= 6.28496 train/feat_loss= 1.18143
Epoch: 0060 train_loss= 2.20178 train/struct_loss= 6.28318 train/feat_loss= 1.18143
Epoch: 0060 Auc 0.7945550530280346 Precision 0.05875363084235543 Recall 1.0
Epoch: 0061 train_loss= 2.20155 train/struct_loss= 6.28202 train/feat_loss= 1.18143
Epoch: 0062 train_loss= 2.20146 train/struct_loss= 6.28161 train/feat_loss= 1.18143
Epoch: 0063 train_loss= 2.20228 train/struct_loss= 6.28568 train/feat_loss= 1.18143
Epoch: 0064 train_loss= 2.20204 train/struct_loss= 6.28448 train/feat_loss= 1.18143
Epoch: 0065 train_loss= 2.20231 train/struct_loss= 6.28586 train/feat_loss= 1.18143
Epoch: 0066 train_loss= 2.20138 train/struct_loss= 6.28119 train/feat_loss= 1.18143
Epoch: 0067 train_loss= 2.20293 train/struct_loss= 6.28896 train/feat_loss= 1.18143
Epoch: 0068 train_loss= 2.20172 train/struct_loss= 6.28289 train/feat_loss= 1.18143
Epoch: 0069 train_loss= 2.20249 train/struct_loss= 6.28677 train/feat_loss= 1.18143
Epoch: 0070 train_loss= 2.20142 train/struct_loss= 6.28138 train/feat_loss= 1.18143
Epoch: 0070 Auc 0.794402193611422 Precision 0.05875363084235543 Recall 1.0
Epoch: 0071 train_loss= 2.20108 train/struct_loss= 6.27972 train/feat_loss= 1.18143
Epoch: 0072 train_loss= 2.20128 train/struct_loss= 6.28071 train/feat_loss= 1.18143
Epoch: 0073 train_loss= 2.20199 train/struct_loss= 6.28423 train/feat_loss= 1.18143
Epoch: 0074 train_loss= 2.20085 train/struct_loss= 6.27852 train/feat_loss= 1.18143
Epoch: 0075 train_loss= 2.20210 train/struct_loss= 6.28478 train/feat_loss= 1.18143
Epoch: 0076 train_loss= 2.20248 train/struct_loss= 6.28667 train/feat_loss= 1.18143
Epoch: 0077 train_loss= 2.20246 train/struct_loss= 6.28659 train/feat_loss= 1.18143
Epoch: 0078 train_loss= 2.20265 train/struct_loss= 6.28753 train/feat_loss= 1.18143
Epoch: 0079 train_loss= 2.20287 train/struct_loss= 6.28867 train/feat_loss= 1.18143
Epoch: 0080 train_loss= 2.20276 train/struct_loss= 6.28812 train/feat_loss= 1.18143
Epoch: 0080 Auc 0.7941601399372803 Precision 0.05875363084235543 Recall 1.0
Epoch: 0081 train_loss= 2.20185 train/struct_loss= 6.28353 train/feat_loss= 1.18143
Epoch: 0082 train_loss= 2.20167 train/struct_loss= 6.28263 train/feat_loss= 1.18143
Epoch: 0083 train_loss= 2.20283 train/struct_loss= 6.28844 train/feat_loss= 1.18143
Epoch: 0084 train_loss= 2.20274 train/struct_loss= 6.28800 train/feat_loss= 1.18143
Epoch: 0085 train_loss= 2.20231 train/struct_loss= 6.28586 train/feat_loss= 1.18143
Epoch: 0086 train_loss= 2.20254 train/struct_loss= 6.28701 train/feat_loss= 1.18143
Epoch: 0087 train_loss= 2.20274 train/struct_loss= 6.28797 train/feat_loss= 1.18143
Epoch: 0088 train_loss= 2.20153 train/struct_loss= 6.28195 train/feat_loss= 1.18143
Epoch: 0089 train_loss= 2.20189 train/struct_loss= 6.28373 train/feat_loss= 1.18143
Epoch: 0090 train_loss= 2.20173 train/struct_loss= 6.28294 train/feat_loss= 1.18143
Epoch: 0090 Auc 0.7944734229478229 Precision 0.05875363084235543 Recall 1.0
Epoch: 0091 train_loss= 2.20220 train/struct_loss= 6.28531 train/feat_loss= 1.18143
Epoch: 0092 train_loss= 2.20085 train/struct_loss= 6.27853 train/feat_loss= 1.18143
Epoch: 0093 train_loss= 2.20124 train/struct_loss= 6.28048 train/feat_loss= 1.18143
Epoch: 0094 train_loss= 2.20194 train/struct_loss= 6.28401 train/feat_loss= 1.18143
Epoch: 0095 train_loss= 2.20260 train/struct_loss= 6.28732 train/feat_loss= 1.18143
Epoch: 0096 train_loss= 2.20157 train/struct_loss= 6.28213 train/feat_loss= 1.18143
Epoch: 0097 train_loss= 2.20135 train/struct_loss= 6.28104 train/feat_loss= 1.18143
Epoch: 0098 train_loss= 2.20163 train/struct_loss= 6.28245 train/feat_loss= 1.18143
Epoch: 0099 train_loss= 2.20350 train/struct_loss= 6.29182 train/feat_loss= 1.18143
Epoch: 0099 Auc 0.7943793434924435 Precision 0.05875363084235543 Recall 1.0
